{
  "Cucumber Features": {
    "coverage": {
      "/home/saasbook/cs169/GraceTunes/app/controllers/application_controller.rb": [
        1,
        1,
        null
      ],
      "/home/saasbook/cs169/GraceTunes/app/helpers/application_helper.rb": [
        1,
        null
      ],
      "/home/saasbook/cs169/GraceTunes/app/helpers/songs_helper.rb": [
        1,
        null
      ],
      "/home/saasbook/cs169/GraceTunes/app/controllers/songs_controller.rb": [
        1,
        null,
        null,
        1,
        0,
        0,
        null,
        0,
        0,
        null,
        0,
        null,
        null,
        null,
        1,
        0,
        null,
        null,
        1,
        null,
        null,
        null,
        1,
        0,
        0,
        0,
        null,
        null,
        null,
        null,
        1,
        0,
        null,
        null,
        null,
        1,
        0,
        0,
        null,
        0,
        null,
        0,
        0,
        0,
        null,
        null,
        null,
        null,
        1,
        0,
        0,
        0,
        0,
        0,
        0,
        null,
        null,
        null,
        1,
        null,
        null,
        null,
        null,
        0,
        0,
        0,
        0,
        0,
        0,
        0,
        null,
        null,
        0,
        null,
        0,
        0,
        0,
        null,
        null,
        null,
        0,
        0,
        null,
        0,
        null,
        null,
        0,
        null,
        null,
        0,
        0,
        0,
        0,
        null,
        0,
        null,
        0,
        null,
        0,
        null,
        null,
        0,
        null,
        null,
        0,
        0,
        0,
        0,
        null,
        0,
        null,
        null,
        null,
        null,
        null,
        1,
        0,
        null,
        null,
        null
      ],
      "/home/saasbook/cs169/GraceTunes/app/models/songs.rb": [
        1,
        null,
        null,
        1,
        1,
        null,
        1,
        1,
        null
      ],
      "/home/saasbook/cs169/GraceTunes/app/uploaders/file_uploader.rb": [
        null,
        null,
        1,
        null,
        null,
        null,
        null,
        null,
        null,
        1,
        null,
        null,
        null,
        null,
        1,
        0,
        null,
        null,
        null,
        null,
        null,
        null,
        null,
        null,
        null,
        null,
        null,
        null,
        null,
        null,
        null,
        null,
        null,
        null,
        null,
        null,
        null,
        null,
        null,
        null,
        1,
        0,
        null,
        null,
        null,
        null,
        null,
        null,
        null,
        null
      ]
    },
    "timestamp": 1384148247
  },
  "RSpec": {
    "coverage": {
      "/home/saasbook/cs169/GraceTunes/app/controllers/application_controller.rb": [
        1,
        1,
        null
      ],
      "/home/saasbook/cs169/GraceTunes/app/helpers/application_helper.rb": [
        1,
        null
      ],
      "/home/saasbook/cs169/GraceTunes/app/helpers/songs_helper.rb": [
        1,
        null
      ],
      "/home/saasbook/cs169/GraceTunes/app/controllers/songs_controller.rb": [
        1,
        null,
        null,
        1,
        1,
        1,
        null,
        1,
        1,
        null,
        0,
        null,
        null,
        null,
        1,
        1,
        null,
        null,
        1,
        null,
        null,
        null,
        1,
        1,
        1,
        1,
        null,
        null,
        null,
        null,
        1,
        0,
        null,
        null,
        null,
        1,
        1,
        1,
        null,
        0,
        null,
        1,
        1,
        1,
        null,
        null,
        null,
        null,
        1,
        0,
        0,
        0,
        0,
        0,
        0,
        null,
        null,
        null,
        1,
        null,
        null,
        null,
        null,
        4,
        4,
        4,
        0,
        0,
        0,
        0,
        null,
        null,
        0,
        null,
        0,
        0,
        0,
        null,
        null,
        null,
        0,
        0,
        null,
        0,
        null,
        null,
        4,
        null,
        null,
        0,
        0,
        0,
        0,
        null,
        0,
        null,
        0,
        null,
        0,
        null,
        null,
        0,
        null,
        null,
        4,
        4,
        4,
        4,
        null,
        0,
        null,
        null,
        null,
        null,
        null,
        1,
        4,
        null,
        null,
        null
      ],
      "/home/saasbook/cs169/GraceTunes/app/models/songs.rb": [
        1,
        null,
        null,
        1,
        1,
        null,
        1,
        1,
        null
      ],
      "/home/saasbook/cs169/GraceTunes/app/uploaders/file_uploader.rb": [
        null,
        null,
        1,
        null,
        null,
        null,
        null,
        null,
        null,
        1,
        null,
        null,
        null,
        null,
        1,
        0,
        null,
        null,
        null,
        null,
        null,
        null,
        null,
        null,
        null,
        null,
        null,
        null,
        null,
        null,
        null,
        null,
        null,
        null,
        null,
        null,
        null,
        null,
        null,
        null,
        1,
        0,
        null,
        null,
        null,
        null,
        null,
        null,
        null,
        null
      ]
    },
    "timestamp": 1384148933
  }
}
